  Task_Player.cpp
c:\users\game\desktop\hogehogeproject\須賀タスクシステム_テンプレート\bchara.h(44): error C3646: 'image': 不明なオーバーライド指定子です
c:\users\game\desktop\hogehogeproject\須賀タスクシステム_テンプレート\bchara.h(44): error C4430: 型指定子がありません - int と仮定しました。メモ: C++ は int を既定値としてサポートしていません
c:\users\game\desktop\hogehogeproject\須賀タスクシステム_テンプレート\task_player.cpp(35): error C2065: 'image': 定義されていない識別子です。
c:\users\game\desktop\hogehogeproject\須賀タスクシステム_テンプレート\task_player.cpp(35): error C2228: '.ImageCreate' の左側はクラス、構造体、共用体でなければなりません
  c:\users\game\desktop\hogehogeproject\須賀タスクシステム_テンプレート\task_player.cpp(35): note: 型は 'unknown-type' です。
c:\users\game\desktop\hogehogeproject\須賀タスクシステム_テンプレート\task_player.cpp(36): error C2065: 'image': 定義されていない識別子です。
c:\users\game\desktop\hogehogeproject\須賀タスクシステム_テンプレート\task_player.cpp(36): error C2228: '.baseImageNum' の左側はクラス、構造体、共用体でなければなりません
  c:\users\game\desktop\hogehogeproject\須賀タスクシステム_テンプレート\task_player.cpp(36): note: 型は 'unknown-type' です。
c:\users\game\desktop\hogehogeproject\須賀タスクシステム_テンプレート\task_player.cpp(37): error C2065: 'image': 定義されていない識別子です。
c:\users\game\desktop\hogehogeproject\須賀タスクシステム_テンプレート\task_player.cpp(37): error C2228: '.drawPos' の左側はクラス、構造体、共用体でなければなりません
  c:\users\game\desktop\hogehogeproject\須賀タスクシステム_テンプレート\task_player.cpp(37): note: 型は 'unknown-type' です。
c:\users\game\desktop\hogehogeproject\須賀タスクシステム_テンプレート\task_player.cpp(48): error C2065: 'image': 定義されていない識別子です。
c:\users\game\desktop\hogehogeproject\須賀タスクシステム_テンプレート\task_player.cpp(48): error C2228: '.ImageErase' の左側はクラス、構造体、共用体でなければなりません
  c:\users\game\desktop\hogehogeproject\須賀タスクシステム_テンプレート\task_player.cpp(48): note: 型は 'unknown-type' です。
c:\users\game\desktop\hogehogeproject\須賀タスクシステム_テンプレート\task_player.cpp(74): error C2065: 'image': 定義されていない識別子です。
c:\users\game\desktop\hogehogeproject\須賀タスクシステム_テンプレート\task_player.cpp(74): error C2228: '.ImageRender' の左側はクラス、構造体、共用体でなければなりません
  c:\users\game\desktop\hogehogeproject\須賀タスクシステム_テンプレート\task_player.cpp(74): note: 型は 'unknown-type' です。
  Task_Game.cpp
c:\users\game\desktop\hogehogeproject\須賀タスクシステム_テンプレート\bchara.h(44): error C3646: 'image': 不明なオーバーライド指定子です
c:\users\game\desktop\hogehogeproject\須賀タスクシステム_テンプレート\bchara.h(44): error C4430: 型指定子がありません - int と仮定しました。メモ: C++ は int を既定値としてサポートしていません
  ImageManager.cpp
c:\users\game\desktop\hogehogeproject\須賀タスクシステム_テンプレート\imagemanager.cpp(15): error C3867: 'std::vector<ML::Box2D *,std::allocator<_Ty>>::size': 非標準の構文です。メンバーにポインタを作成するには '&' を使用してください
          with
          [
              _Ty=ML::Box2D *
          ]
c:\users\game\desktop\hogehogeproject\須賀タスクシステム_テンプレート\imagemanager.cpp(15): error C2440: '=': 'unsigned int (__thiscall std::vector<ML::Box2D *,std::allocator<_Ty>>::* )(void) noexcept const' から 'int' に変換できません。
          with
          [
              _Ty=ML::Box2D *
          ]
  c:\users\game\desktop\hogehogeproject\須賀タスクシステム_テンプレート\imagemanager.cpp(15): note: この変換が可能なコンテキストはありません。
c:\users\game\desktop\hogehogeproject\須賀タスクシステム_テンプレート\imagemanager.cpp(24): error C3867: 'std::vector<ML::Box2D *,std::allocator<_Ty>>::size': 非標準の構文です。メンバーにポインタを作成するには '&' を使用してください
          with
          [
              _Ty=ML::Box2D *
          ]
c:\users\game\desktop\hogehogeproject\須賀タスクシステム_テンプレート\imagemanager.cpp(24): error C2440: '=': 'unsigned int (__thiscall std::vector<ML::Box2D *,std::allocator<_Ty>>::* )(void) noexcept const' から 'int' に変換できません。
          with
          [
              _Ty=ML::Box2D *
          ]
  c:\users\game\desktop\hogehogeproject\須賀タスクシステム_テンプレート\imagemanager.cpp(24): note: この変換が可能なコンテキストはありません。
  BChara.cpp
c:\users\game\desktop\hogehogeproject\須賀タスクシステム_テンプレート\bchara.h(44): error C3646: 'image': 不明なオーバーライド指定子です
c:\users\game\desktop\hogehogeproject\須賀タスクシステム_テンプレート\bchara.h(44): error C4430: 型指定子がありません - int と仮定しました。メモ: C++ は int を既定値としてサポートしていません
  コードを生成中...
